<?xml version="1.0" encoding="utf-8"?><testsuites><testsuite name="pytest" errors="0" failures="0" skipped="0" tests="901" time="42.064" timestamp="2026-06-22T13:49:08.186491" hostname="lenovo"><testcase classname="tests.test_bars" name="test_collect_params_reads_shape_flag_and_smooth_values" time="0.027" /><testcase classname="tests.test_bars" name="test_apply_params_writes_shape_flag_and_smooth_values" time="0.025" /><testcase classname="tests.test_bars" name="test_collect_then_apply_then_collect_roundtrip" time="0.025" /><testcase classname="tests.test_bars" name="test_reset_shader_copies_template_when_exists" time="0.024" /><testcase classname="tests.test_bars" name="test_reset_shader_restores_shape_defaults" time="0.021" /><testcase classname="tests.test_bars" name="test_reset_shader_clears_all_flags_to_zero" time="0.021" /><testcase classname="tests.test_bars" name="test_reset_shader_skips_copy_when_template_missing" time="0.023" /><testcase classname="tests.test_bars" name="test_write_flag_writes_true_as_1" time="0.021" /><testcase classname="tests.test_bars" name="test_write_flag_writes_false_as_0" time="0.021" /><testcase classname="tests.test_bars" name="test_write_flag_triggers_geometry_update_for_flip" time="0.021" /><testcase classname="tests.test_bars" name="test_write_flag_triggers_geometry_update_for_mirror_yx" time="0.021" /><testcase classname="tests.test_bars" name="test_write_flag_does_not_trigger_geometry_for_other_flags" time="0.020" /><testcase classname="tests.test_bars" name="test_write_flag_calls_schedule_restart" time="0.021" /><testcase classname="tests.test_bars" name="test_update_geometry_reads_flip_and_mirror_yx_and_writes" time="0.021" /><testcase classname="tests.test_bars" name="test_update_geometry_defaults_false_when_flags_absent" time="0.024" /><testcase classname="tests.test_bars" name="test_update_geometry_swallows_exceptions_silently" time="0.065" /><testcase classname="tests.test_bars" name="test_validate_buf_sample_missing_vars_returns_silently" time="0.025" /><testcase classname="tests.test_bars" name="test_validate_buf_sample_clamps_samplesize_when_buf_shrinks" time="0.023" /><testcase classname="tests.test_bars" name="test_validate_buf_sample_clamps_when_samplesize_exceeds_buf" time="0.022" /><testcase classname="tests.test_bars" name="test_validate_buf_sample_uses_expert_values_when_expert_mode_on" time="0.020" /><testcase classname="tests.test_bars" name="test_validate_buf_sample_does_not_modify_when_sample_within_buf" time="0.020" /><testcase classname="tests.test_bars" name="test_widget_reset_shader_aborts_if_declined" time="0.022" /><testcase classname="tests.test_bars" name="test_widget_reset_shader_calls_module_reset_and_rebuilds" time="0.021" /><testcase classname="tests.test_bars" name="test_widget_reset_shader_uses_restart_active_instance_when_available" time="0.020" /><testcase classname="tests.test_bars" name="test_widget_reset_shader_falls_back_to_legacy_glava_restart" time="0.023" /><testcase classname="tests.test_bars" name="test_write_bool_rc_writes_and_schedules_restart" time="0.022" /><testcase classname="tests.test_bars" name="test_write_bool_rc_uses_global_rc_glsl_when_no_active_rc_method" time="0.020" /><testcase classname="tests.test_base" name="test_get_instance_returns_app_active_instance_when_no_frozen_instance" time="0.023" /><testcase classname="tests.test_base" name="test_get_instance_returns_frozen_instance_when_provided" time="0.020" /><testcase classname="tests.test_base" name="test_get_instance_returns_none_when_app_has_no_active_instance" time="0.021" /><testcase classname="tests.test_base" name="test_module_glsl_uses_instance_path_when_available" time="0.021" /><testcase classname="tests.test_base" name="test_module_glsl_falls_back_to_global_path_when_no_instance" time="0.020" /><testcase classname="tests.test_base" name="test_smooth_glsl_uses_instance_attribute" time="0.020" /><testcase classname="tests.test_base" name="test_smooth_glsl_falls_back_to_global_when_no_instance" time="0.021" /><testcase classname="tests.test_base" name="test_glsl_property_mirrors_module_glsl" time="0.021" /><testcase classname="tests.test_base" name="test_glsl_falls_back_to_global_when_no_instance" time="0.023" /><testcase classname="tests.test_base" name="test_tmpl_property_uses_instance_path" time="0.022" /><testcase classname="tests.test_base" name="test_frag_property_uses_instance_path" time="0.022" /><testcase classname="tests.test_base" name="test_frag_falls_back_to_global_when_no_instance" time="0.020" /><testcase classname="tests.test_base" name="test_tmpl_falls_back_to_global_when_no_instance" time="0.020" /><testcase classname="tests.test_base" name="test_expert_returns_value_from_app_expert_mode" time="0.022" /><testcase classname="tests.test_base" name="test_expert_returns_false_when_app_has_no_expert_mode_attribute" time="0.021" /><testcase classname="tests.test_base" name="test_debounce_module_target_writes_defines_and_schedules_restart" time="0.021" /><testcase classname="tests.test_base" name="test_debounce_module_target_raises_without_shape_params" time="0.022" /><testcase classname="tests.test_base" name="test_debounce_smooth_target_writes_smooth_params" time="0.026" /><testcase classname="tests.test_base" name="test_debounce_rc_target_writes_int_request" time="0.020" /><testcase classname="tests.test_base" name="test_debounce_rc_target_uses_app_get_active_rc_glsl_when_available" time="0.025" /><testcase classname="tests.test_base" name="test_schedule_restart_uses_restart_active_instance_when_available" time="0.023" /><testcase classname="tests.test_base" name="test_schedule_restart_falls_back_to_legacy_glava_restart" time="0.022" /><testcase classname="tests.test_base" name="test_schedule_restart_cancels_previous_pending_job" time="0.021" /><testcase classname="tests.test_base" name="test_schedule_restart_swallows_cancel_errors" time="0.021" /><testcase classname="tests.test_base" name="test_save_profile_does_nothing_if_dialog_cancelled" time="0.021" /><testcase classname="tests.test_base" name="test_save_profile_skips_overwrite_when_declined" time="0.021" /><testcase classname="tests.test_base" name="test_save_profile_overwrites_when_confirmed" time="0.020" /><testcase classname="tests.test_base" name="test_save_profile_new_name_saves_without_overwrite_prompt" time="0.020" /><testcase classname="tests.test_base" name="test_save_profile_swaps_active_instance_during_collect_and_restores_after" time="0.021" /><testcase classname="tests.test_base" name="test_save_profile_restores_active_instance_even_if_collect_params_raises" time="0.023" /><testcase classname="tests.test_base" name="test_delete_profile_does_nothing_if_name_empty" time="0.021" /><testcase classname="tests.test_base" name="test_delete_profile_skips_when_declined" time="0.022" /><testcase classname="tests.test_base" name="test_delete_profile_deletes_and_refreshes_when_confirmed" time="0.022" /><testcase classname="tests.test_base" name="test_refresh_cb_sets_sorted_names_and_selects_first" time="0.022" /><testcase classname="tests.test_base" name="test_refresh_cb_empty_does_not_set_current" time="0.022" /><testcase classname="tests.test_base" name="test_build_raises_notimplementederror_for_unoverridden_build_left" time="0.291" /><testcase classname="tests.test_base" name="test_close_detached_destroys_window_deiconifies_root_and_rebuilds" time="0.021" /><testcase classname="tests.test_base" name="test_close_detached_swallows_destroy_errors" time="0.020" /><testcase classname="tests.test_base" name="test_close_detached_swallows_root_deiconify_errors" time="0.020" /><testcase classname="tests.test_base" name="test_close_detached_swallows_rebuild_fn_errors" time="0.022" /><testcase classname="tests.test_base" name="test_close_detached_no_rebuild_fn_is_noop" time="0.021" /><testcase classname="tests.test_base_widget" name="test_module_glsl_path" time="0.050" /><testcase classname="tests.test_base_widget" name="test_smooth_glsl_path" time="0.046" /><testcase classname="tests.test_base_widget" name="test_shape_params_not_none" time="0.053" /><testcase classname="tests.test_base_widget" name="test_debounce_module_writes_to_file" time="0.048" /><testcase classname="tests.test_base_widget" name="test_debounce_smooth_writes_to_file" time="0.047" /><testcase classname="tests.test_base_widget" name="test_module_name" time="0.047" /><testcase classname="tests.test_base_widget" name="test_build_creates_widgets" time="0.094" /><testcase classname="tests.test_base_widget" name="test_build_populates_vars" time="0.081" /><testcase classname="tests.test_base_widget" name="test_slider_row_creates_var" time="0.059" /><testcase classname="tests.test_base_widget" name="test_slider_row_initial_value" time="0.055" /><testcase classname="tests.test_base_widget" name="test_float_slider_row_creates_var" time="0.055" /><testcase classname="tests.test_base_widget" name="test_module_glsl_uses_active_instance" time="0.048" /><testcase classname="tests.test_base_widget" name="test_smooth_glsl_uses_active_instance" time="0.048" /><testcase classname="tests.test_base_widget" name="test_frozen_instance_glsl_path" time="0.051" /><testcase classname="tests.test_base_widget" name="test_frozen_instance_debounce_writes_to_correct_file" time="0.055" /><testcase classname="tests.test_base_widget" name="test_frozen_instance_schedule_restart_passes_instance" time="0.056" /><testcase classname="tests.test_circle" name="test_widget_reset_shader_aborts_if_user_declines_confirm" time="0.064" /><testcase classname="tests.test_circle" name="test_widget_reset_shader_calls_module_reset_and_rebuilds" time="0.063" /><testcase classname="tests.test_circle" name="test_widget_reset_shader_falls_back_to_legacy_glava_restart" time="0.062" /><testcase classname="tests.test_circle" name="test_widget_reset_shader_uses_restart_active_instance_when_available" time="0.062" /><testcase classname="tests.test_circle" name="test_rotate_to_deg_known_symbols[zero]" time="0.021" /><testcase classname="tests.test_circle" name="test_rotate_to_deg_known_symbols[half_pi]" time="0.019" /><testcase classname="tests.test_circle" name="test_rotate_to_deg_known_symbols[pi]" time="0.020" /><testcase classname="tests.test_circle" name="test_rotate_to_deg_known_symbols[three_half_pi]" time="0.020" /><testcase classname="tests.test_circle" name="test_rotate_to_deg_numeric_radians" time="0.019" /><testcase classname="tests.test_circle" name="test_rotate_to_deg_invalid_falls_back_to_90" time="0.018" /><testcase classname="tests.test_circle" name="test_deg_to_rotate_roundtrip" time="0.020" /><testcase classname="tests.test_circle" name="test_deg_to_rotate_zero" time="0.020" /><testcase classname="tests.test_circle" name="test_write_rotate_writes_define_and_schedules_restart" time="0.064" /><testcase classname="tests.test_circle" name="test_write_flag_writes_flag_defines_and_schedules_restart" time="0.062" /><testcase classname="tests.test_circle" name="test_write_flag_off_writes_zero" time="0.065" /><testcase classname="tests.test_color_button" name="test_recolor_rect_black_center_pixel" time="0.034" /><testcase classname="tests.test_color_button" name="test_recolor_rect_white_center_pixel" time="0.023" /><testcase classname="tests.test_color_button" name="test_recolor_rect_transparent_background" time="0.020" /><testcase classname="tests.test_color_button" name="test_recolor_rect_brighten_increases_intensity" time="0.020" /><testcase classname="tests.test_color_button" name="test_contrast_fg_dark_background" time="0.022" /><testcase classname="tests.test_color_button" name="test_contrast_fg_light_background" time="0.022" /><testcase classname="tests.test_color_button" name="test_contrast_fg_mid_threshold_below" time="0.020" /><testcase classname="tests.test_color_button" name="test_contrast_fg_mid_threshold_above" time="0.019" /><testcase classname="tests.test_color_button" name="test_contrast_fg_invalid_input_falls_back_to_white" time="0.020" /><testcase classname="tests.test_color_button" name="test_contrast_fg_missing_hash_prefix" time="0.019" /><testcase classname="tests.test_color_button" name="test_resolve_theme_finds_existing_theme_dir" time="0.047" /><testcase classname="tests.test_color_button" name="test_resolve_theme_falls_back_to_forest_dark_when_theme_dir_missing" time="0.053" /><testcase classname="tests.test_color_button" name="test_put_pil_calls_configure_with_png_data" time="0.021" /><testcase classname="tests.test_color_button" name="test_update_images_recolors_both_variants_and_updates_style" time="0.020" /><testcase classname="tests.test_color_button" name="test_update_images_noop_when_pil_unavailable" time="0.020" /><testcase classname="tests.test_color_button" name="test_init_builds_real_widget_and_registers_style" time="0.059" /><testcase classname="tests.test_color_button" name="test_init_applies_contrast_foreground" time="0.059" /><testcase classname="tests.test_color_button" name="test_set_color_updates_images_when_theme_unchanged" time="0.061" /><testcase classname="tests.test_color_button" name="test_set_color_rebuilds_style_when_theme_changed" time="0.063" /><testcase classname="tests.test_color_button" name="test_reinit_calls_init_style_with_current_color" time="0.021" /><testcase classname="tests.test_color_button" name="test_pack_delegates_to_widget" time="0.024" /><testcase classname="tests.test_color_button" name="test_grid_delegates_to_widget" time="0.020" /><testcase classname="tests.test_color_button" name="test_get_bg_hex_uses_theme_colors_when_available" time="0.019" /><testcase classname="tests.test_color_button" name="test_get_bg_hex_falls_back_to_dark_without_root_attribute" time="0.020" /><testcase classname="tests.test_color_button" name="test_get_bg_hex_falls_back_using_default_root_when_colors_missing" time="0.048" /><testcase classname="tests.test_colors" name="test_hex_to_vec3_black" time="0.020" /><testcase classname="tests.test_colors" name="test_hex_to_vec3_white" time="0.018" /><testcase classname="tests.test_colors" name="test_hex_to_vec3_red" time="0.019" /><testcase classname="tests.test_colors" name="test_vec3_to_hex_black" time="0.020" /><testcase classname="tests.test_colors" name="test_vec3_to_hex_white" time="0.020" /><testcase classname="tests.test_colors" name="test_hex_vec3_roundtrip" time="0.019" /><testcase classname="tests.test_colors" name="test_read_colors_from_frag_basic" time="0.027" /><testcase classname="tests.test_colors" name="test_read_colors_from_frag_hex_format" time="0.023" /><testcase classname="tests.test_colors" name="test_read_colors_from_frag_missing_file" time="0.019" /><testcase classname="tests.test_colors" name="test_read_colors_from_frag_incomplete" time="0.024" /><testcase classname="tests.test_colors" name="test_write_colors_creates_live_frag" time="0.025" /><testcase classname="tests.test_colors" name="test_write_colors_roundtrip" time="0.024" /><testcase classname="tests.test_colors" name="test_write_colors_missing_template" time="0.025" /><testcase classname="tests.test_colors" name="test_write_colors_all_modules" time="0.026" /><testcase classname="tests.test_colors" name="test_shader_supports_hsv_graph" time="0.022" /><testcase classname="tests.test_colors" name="test_shader_supports_hsv_missing_file" time="0.022" /><testcase classname="tests.test_colors" name="test_shader_supports_hsv_no_define" time="0.023" /><testcase classname="tests.test_colors" name="test_set_gradient_mode_hsv" time="0.023" /><testcase classname="tests.test_colors" name="test_set_gradient_mode_rgb" time="0.026" /><testcase classname="tests.test_colors" name="test_set_gradient_mode_missing_file" time="0.022" /><testcase classname="tests.test_colors" name="test_write_colors_sets_hsv_mode" time="0.027" /><testcase classname="tests.test_colors" name="test_write_colors_sets_rgb_mode" time="0.032" /><testcase classname="tests.test_colors_wallpaper" name="test_extract_returns_dict" time="0.933" /><testcase classname="tests.test_colors_wallpaper" name="test_extract_has_three_keys" time="0.200" /><testcase classname="tests.test_colors_wallpaper" name="test_extract_hex_format" time="0.199" /><testcase classname="tests.test_colors_wallpaper" name="test_extract_three_distinct_colors" time="0.200" /><testcase classname="tests.test_colors_wallpaper" name="test_extract_missing_file" time="0.018" /><testcase classname="tests.test_colors_wallpaper" name="test_extract_invalid_file" time="0.059" /><testcase classname="tests.test_colors_wallpaper" name="test_extract_brightness_order" time="0.186" /><testcase classname="tests.test_colors_wallpaper" name="test_apply_returns_colors_and_errors" time="0.194" /><testcase classname="tests.test_colors_wallpaper" name="test_apply_writes_colors_to_frag" time="0.187" /><testcase classname="tests.test_colors_wallpaper" name="test_apply_calls_after_fn" time="0.202" /><testcase classname="tests.test_colors_wallpaper" name="test_apply_missing_wallpaper" time="0.024" /><testcase classname="tests.test_colors_wallpaper" name="test_apply_multiple_instances" time="0.199" /><testcase classname="tests.test_colors_wallpaper" name="test_set_gradient_mode_skips_file_without_hsv" time="0.027" /><testcase classname="tests.test_colors_wallpaper" name="test_apply_colors_error_propagated" time="0.222" /><testcase classname="tests.test_core" name="test_smooth_params_structure" time="0.020" /><testcase classname="tests.test_core" name="test_smooth_params_types" time="0.021" /><testcase classname="tests.test_core" name="test_load_settings_returns_dict" time="0.023" /><testcase classname="tests.test_core" name="test_load_settings_reads_file" time="0.022" /><testcase classname="tests.test_core" name="test_load_settings_handles_corrupt" time="0.020" /><testcase classname="tests.test_core" name="test_load_lang_returns_dict" time="0.019" /><testcase classname="tests.test_core" name="test_load_lang_fallback" time="0.018" /><testcase classname="tests.test_core" name="test_load_lang_get_method" time="0.020" /><testcase classname="tests.test_core_extended" name="test_write_read_active_module" time="0.027" /><testcase classname="tests.test_core_extended" name="test_read_active_module_default" time="0.023" /><testcase classname="tests.test_core_extended" name="test_read_active_module_unknown" time="0.024" /><testcase classname="tests.test_core_extended" name="test_write_active_module_creates_dir" time="0.023" /><testcase classname="tests.test_core_extended" name="test_get_live_frag_default" time="0.021" /><testcase classname="tests.test_core_extended" name="test_get_live_frag_explicit" time="0.022" /><testcase classname="tests.test_core_extended" name="test_get_template_default" time="0.024" /><testcase classname="tests.test_core_extended" name="test_get_template_explicit" time="0.023" /><testcase classname="tests.test_core_extended" name="test_save_and_load_settings" time="0.021" /><testcase classname="tests.test_core_extended" name="test_save_settings_overwrites" time="0.022" /><testcase classname="tests.test_core_extended" name="test_read_bing_config_default" time="0.021" /><testcase classname="tests.test_core_extended" name="test_write_read_bing_config" time="0.021" /><testcase classname="tests.test_core_extended" name="test_write_bing_config_multiple_keys" time="0.026" /><testcase classname="tests.test_core_extended" name="test_read_bing_config_ignores_comments" time="0.026" /><testcase classname="tests.test_core_extended" name="test_available_langs_returns_dict" time="0.019" /><testcase classname="tests.test_core_extended" name="test_available_langs_contains_pl_en" time="0.022" /><testcase classname="tests.test_core_extended" name="test_available_langs_values_are_strings" time="0.021" /><testcase classname="tests.test_core_extended" name="test_load_color_presets_empty" time="0.023" /><testcase classname="tests.test_core_extended" name="test_save_and_load_color_presets" time="0.021" /><testcase classname="tests.test_core_extended" name="test_save_color_presets_overwrites" time="0.022" /><testcase classname="tests.test_core_extended" name="test_load_color_presets_handles_corrupt" time="0.024" /><testcase classname="tests.test_core_extended" name="test_load_shader_profiles_empty" time="0.022" /><testcase classname="tests.test_core_extended" name="test_save_and_load_shader_profiles" time="0.022" /><testcase classname="tests.test_core_extended" name="test_load_shader_profiles_handles_corrupt" time="0.021" /><testcase classname="tests.test_core_extended" name="test_load_shader_profiles_handles_non_dict" time="0.023" /><testcase classname="tests.test_core_extended" name="test_get_profiles_empty_module" time="0.022" /><testcase classname="tests.test_core_extended" name="test_save_and_get_profile_for_module" time="0.022" /><testcase classname="tests.test_core_extended" name="test_save_profile_does_not_affect_other_module" time="0.023" /><testcase classname="tests.test_core_extended" name="test_save_multiple_profiles_same_module" time="0.024" /><testcase classname="tests.test_core_extended" name="test_save_profile_overwrites_existing" time="0.022" /><testcase classname="tests.test_core_extended" name="test_delete_profile_for_module" time="0.023" /><testcase classname="tests.test_core_extended" name="test_delete_profile_removes_empty_module" time="0.025" /><testcase classname="tests.test_core_extended" name="test_delete_nonexistent_profile_returns_false" time="0.022" /><testcase classname="tests.test_core_extended" name="test_delete_profile_does_not_affect_other_module" time="0.021" /><testcase classname="tests.test_coverage_gaps" name="test_presets_file_path" time="0.020" /><testcase classname="tests.test_coverage_gaps" name="test_instance_repr" time="0.022" /><testcase classname="tests.test_coverage_gaps" name="test_read_defines_bad_value_returns_default" time="0.024" /><testcase classname="tests.test_coverage_gaps" name="test_read_flag_defines_bad_value_returns_default" time="0.021" /><testcase classname="tests.test_coverage_gaps" name="test_read_smooth_bad_value_returns_default" time="0.022" /><testcase classname="tests.test_coverage_gaps" name="test_write_defines_appends_new_key" time="0.021" /><testcase classname="tests.test_coverage_gaps" name="test_write_flag_defines_appends_new_key" time="0.022" /><testcase classname="tests.test_coverage_gaps" name="test_read_int_req_bad_value_returns_default" time="0.024" /><testcase classname="tests.test_coverage_gaps" name="test_write_smooth_missing_file" time="0.022" /><testcase classname="tests.test_coverage_gaps" name="test_write_bool_req_missing_file" time="0.024" /><testcase classname="tests.test_coverage_gaps" name="test_read_rc_module_no_match" time="0.025" /><testcase classname="tests.test_coverage_gaps" name="test_get_screen_size_xrandr_success" time="0.019" /><testcase classname="tests.test_coverage_gaps" name="test_get_screen_size_xrandr_fallback" time="0.020" /><testcase classname="tests.test_coverage_gaps" name="test_get_strut_reserved_no_windows" time="0.021" /><testcase classname="tests.test_coverage_gaps" name="test_get_strut_reserved_with_taskbar" time="0.018" /><testcase classname="tests.test_coverage_gaps" name="test_get_screen_info_layer1_strut" time="0.019" /><testcase classname="tests.test_coverage_gaps" name="test_get_screen_info_layer2_workarea" time="0.018" /><testcase classname="tests.test_coverage_gaps" name="test_get_screen_info_layer3_fallback" time="0.019" /><testcase classname="tests.test_coverage_gaps" name="test_get_strut_reserved_multiple_windows" time="0.021" /><testcase classname="tests.test_coverage_gaps" name="test_get_screen_info_layer2_invalid_workarea" time="0.018" /><testcase classname="tests.test_coverage_gaps" name="test_get_screen_info_layer2_workarea_too_large" time="0.020" /><testcase classname="tests.test_coverage_gaps" name="test_read_flag_defines_non_int_value" time="0.024" /><testcase classname="tests.test_coverage_gaps" name="test_write_smooth_skips_unknown_key" time="0.024" /><testcase classname="tests.test_coverage_gaps" name="test_load_lang_fallback_to_en" time="0.022" /><testcase classname="tests.test_coverage_gaps" name="test_load_lang_no_fallback_returns_empty" time="0.021" /><testcase classname="tests.test_coverage_gaps" name="test_available_langs_corrupt_json" time="0.022" /><testcase classname="tests.test_geometry" name="test_bars_default_width" time="0.019" /><testcase classname="tests.test_geometry" name="test_bars_default_height" time="0.020" /><testcase classname="tests.test_geometry" name="test_bars_y_offset" time="0.021" /><testcase classname="tests.test_geometry" name="test_bars_flipped_y" time="0.020" /><testcase classname="tests.test_geometry" name="test_graph_default" time="0.020" /><testcase classname="tests.test_geometry" name="test_wave_default" time="0.020" /><testcase classname="tests.test_geometry" name="test_all_modules_positive_dimensions" time="0.019" /><testcase classname="tests.test_geometry" name="test_all_modules_consistent_size" time="0.019" /><testcase classname="tests.test_geometry_2.TestCalcGeometryBottom" name="test_default_bottom" time="0.021" /><testcase classname="tests.test_geometry_2.TestCalcGeometryBottom" name="test_flipped_top" time="0.020" /><testcase classname="tests.test_geometry_2.TestCalcGeometryBottom" name="test_mirror_yx_left" time="0.020" /><testcase classname="tests.test_geometry_2.TestCalcGeometryBottom" name="test_mirror_yx_flipped_right" time="0.019" /><testcase classname="tests.test_geometry_2.TestCalcGeometryBottom" name="test_graph_same_as_bars" time="0.020" /><testcase classname="tests.test_geometry_2.TestCalcGeometryBottom" name="test_zero_reserved" time="0.020" /><testcase classname="tests.test_geometry_2.TestCalcGeometryCentered" name="test_wave_ignores_flags" time="0.020" /><testcase classname="tests.test_geometry_2.TestCalcGeometryCentered" name="test_circle_centered" time="0.021" /><testcase classname="tests.test_geometry_2.TestCalcGeometryCentered" name="test_radial_centered" time="0.020" /><testcase classname="tests.test_geometry_2.TestCalcGeometryCentered" name="test_unknown_module_treated_as_centered" time="0.019" /><testcase classname="tests.test_geometry_2.TestModuleClassification" name="test_bottom_modules" time="0.019" /><testcase classname="tests.test_geometry_2.TestModuleClassification" name="test_centered_modules" time="0.019" /><testcase classname="tests.test_geometry_2.TestModuleClassification" name="test_no_overlap" time="0.020" /><testcase classname="tests.test_geometry_2.TestReadGeometry" name="test_reads_positive_values" time="0.023" /><testcase classname="tests.test_geometry_2.TestReadGeometry" name="test_reads_negative_y" time="0.022" /><testcase classname="tests.test_geometry_2.TestReadGeometry" name="test_reads_negative_x" time="0.025" /><testcase classname="tests.test_geometry_2.TestReadGeometry" name="test_returns_none_when_missing" time="0.022" /><testcase classname="tests.test_geometry_2.TestReadGeometry" name="test_returns_none_on_missing_file" time="0.027" /><testcase classname="tests.test_geometry_2.TestWriteGeometry" name="test_writes_geometry" time="0.022" /><testcase classname="tests.test_geometry_2.TestWriteGeometry" name="test_roundtrip" time="0.026" /><testcase classname="tests.test_geometry_2.TestWriteGeometry" name="test_returns_false_on_missing_file" time="0.022" /><testcase classname="tests.test_geometry_2.TestWriteGeometry" name="test_preserves_other_content" time="0.026" /><testcase classname="tests.test_geometry_2.TestWriteGeometry" name="test_write_then_read_negative_coords" time="0.022" /><testcase classname="tests.test_geometry_2.TestGetScreenSizeXrandr" name="test_returns_fallback_on_exception" time="0.021" /><testcase classname="tests.test_geometry_2.TestGetScreenSizeXrandr" name="test_parses_xrandr_output" time="0.020" /><testcase classname="tests.test_geometry_2.TestGetScreenSizeXrandr" name="test_returns_fallback_on_no_match" time="0.019" /><testcase classname="tests.test_geometry_2.TestGetStrutReserved" name="test_returns_zeros_on_exception" time="0.019" /><testcase classname="tests.test_geometry_2.TestGetStrutReserved" name="test_returns_zeros_on_empty_client_list" time="0.020" /><testcase classname="tests.test_geometry_2.TestGetStrutReserved" name="test_parses_strut_partial" time="0.022" /><testcase classname="tests.test_geometry_extended" name="test_bars_bottom_default" time="0.020" /><testcase classname="tests.test_geometry_extended" name="test_bars_flipped" time="0.020" /><testcase classname="tests.test_geometry_extended" name="test_bars_mirror_yx_left" time="0.020" /><testcase classname="tests.test_geometry_extended" name="test_bars_mirror_yx_flipped_right" time="0.021" /><testcase classname="tests.test_geometry_extended" name="test_graph_same_as_bars" time="0.019" /><testcase classname="tests.test_geometry_extended" name="test_bars_zero_reserved" time="0.021" /><testcase classname="tests.test_geometry_extended" name="test_circle_ignores_flipped" time="0.019" /><testcase classname="tests.test_geometry_extended" name="test_circle_ignores_mirror_yx" time="0.018" /><testcase classname="tests.test_geometry_extended" name="test_wave_bottom_reserved" time="0.021" /><testcase classname="tests.test_geometry_extended" name="test_radial_centered" time="0.021" /><testcase classname="tests.test_geometry_extended" name="test_all_modules_return_full_width" time="0.019" /><testcase classname="tests.test_geometry_extended" name="test_all_modules_return_full_height" time="0.020" /><testcase classname="tests.test_geometry_extended" name="test_unknown_module_treated_as_centered" time="0.019" /><testcase classname="tests.test_geometry_extended" name="test_read_geometry_from_rc" time="0.022" /><testcase classname="tests.test_geometry_extended" name="test_write_geometry_roundtrip" time="0.032" /><testcase classname="tests.test_geometry_extended" name="test_write_geometry_negative_values" time="0.022" /><testcase classname="tests.test_geometry_extended" name="test_write_geometry_overwrites" time="0.024" /><testcase classname="tests.test_geometry_extended" name="test_write_geometry_missing_file" time="0.022" /><testcase classname="tests.test_geometry_extended" name="test_read_geometry_missing_file" time="0.023" /><testcase classname="tests.test_geometry_extended" name="test_read_geometry_no_setgeometry" time="0.023" /><testcase classname="tests.test_geometry_extended" name="test_write_read_all_combinations" time="0.026" /><testcase classname="tests.test_glava.TestPidManagement" name="test_write_and_read_pid" time="0.023" /><testcase classname="tests.test_glava.TestPidManagement" name="test_read_pid_missing_file" time="0.025" /><testcase classname="tests.test_glava.TestPidManagement" name="test_clear_pid_removes_file" time="0.022" /><testcase classname="tests.test_glava.TestPidManagement" name="test_clear_pid_no_crash_if_missing" time="0.022" /><testcase classname="tests.test_glava.TestPidManagement" name="test_pid_path_format" time="0.023" /><testcase classname="tests.test_glava.TestIsPidRunning" name="test_none_returns_false" time="0.024" /><testcase classname="tests.test_glava.TestIsPidRunning" name="test_running_process" time="0.022" /><testcase classname="tests.test_glava.TestIsPidRunning" name="test_dead_pid" time="0.025" /><testcase classname="tests.test_glava.TestAdoptedProcess" name="test_poll_returns_none_when_alive" time="0.024" /><testcase classname="tests.test_glava.TestAdoptedProcess" name="test_poll_returns_minus_one_when_dead" time="0.023" /><testcase classname="tests.test_glava.TestAdoptedProcess" name="test_terminate_dead_pid_no_crash" time="0.024" /><testcase classname="tests.test_glava.TestAdoptedProcess" name="test_kill_dead_pid_no_crash" time="0.021" /><testcase classname="tests.test_glava.TestAdoptedProcess" name="test_wait_returns_immediately_for_dead_pid" time="0.022" /><testcase classname="tests.test_glava.TestAdoptedProcess" name="test_repr" time="0.025" /><testcase classname="tests.test_glava.TestAdoptInstance" name="test_no_pid_file_returns_none" time="0.024" /><testcase classname="tests.test_glava.TestAdoptInstance" name="test_dead_pid_returns_none_and_clears_file" time="0.023" /><testcase classname="tests.test_glava.TestAdoptInstance" name="test_live_pid_returns_adopted_process" time="0.023" /><testcase classname="tests.test_glava.TestGlavaIsInstanceRunning" name="test_none_returns_false" time="0.021" /><testcase classname="tests.test_glava.TestGlavaIsInstanceRunning" name="test_alive_popen_returns_true" time="0.022" /><testcase classname="tests.test_glava.TestGlavaIsInstanceRunning" name="test_dead_popen_returns_false" time="0.027" /><testcase classname="tests.test_glava.TestGlavaStopInstance" name="test_none_proc_no_crash" time="0.022" /><testcase classname="tests.test_glava.TestGlavaStopInstance" name="test_stops_running_popen" time="0.027" /><testcase classname="tests.test_glava.TestGlavaStopInstance" name="test_already_dead_popen_skips_terminate" time="0.024" /><testcase classname="tests.test_glava.TestGlavaStopInstance" name="test_adopted_process_clears_pid" time="0.023" /><testcase classname="tests.test_glava.TestWriteRcModule" name="test_writes_module" time="0.022" /><testcase classname="tests.test_glava.TestWriteRcModule" name="test_replaces_only_mod_line" time="0.025" /><testcase classname="tests.test_glava.TestWriteRcModule" name="test_no_op_on_missing_file" time="0.027" /><testcase classname="tests.test_glava.TestReadRcModule" name="test_reads_known_module" time="0.022" /><testcase classname="tests.test_glava.TestReadRcModule" name="test_returns_none_for_unknown_module" time="0.022" /><testcase classname="tests.test_glava.TestReadRcModule" name="test_returns_none_on_missing_file" time="0.025" /><testcase classname="tests.test_glava.TestReadRcModule" name="test_returns_none_when_no_mod_line" time="0.024" /><testcase classname="tests.test_glava.TestReadRcModule" name="test_all_valid_modules" time="0.025" /><testcase classname="tests.test_glava.TestUpdateAutostart" name="test_creates_desktop_file" time="0.022" /><testcase classname="tests.test_glava.TestUpdateAutostart" name="test_updates_existing_exec_line" time="0.025" /><testcase classname="tests.test_glava.TestUpdateAutostart" name="test_empty_flags_defaults_to_desktop" time="0.023" /><testcase classname="tests.test_glava.TestUpdateAutostart" name="test_returns_false_on_permission_error" time="0.024" /><testcase classname="tests.test_glava.TestToggleWallpaperLock" name="test_creates_lock_file" time="0.023" /><testcase classname="tests.test_glava.TestToggleWallpaperLock" name="test_removes_existing_lock" time="0.025" /><testcase classname="tests.test_glava.TestToggleWallpaperLock" name="test_double_toggle_restores_lock" time="0.021" /><testcase classname="tests.test_glava_gui_conf" name="test_load_gui_conf_returns_defaults_when_file_missing" time="0.026" /><testcase classname="tests.test_glava_gui_conf" name="test_load_gui_conf_creates_file_when_missing" time="0.023" /><testcase classname="tests.test_glava_gui_conf" name="test_load_gui_conf_reads_existing_values" time="0.027" /><testcase classname="tests.test_glava_gui_conf" name="test_load_gui_conf_ignores_unknown_keys" time="0.022" /><testcase classname="tests.test_glava_gui_conf" name="test_load_gui_conf_falls_back_to_defaults_on_corrupt_json" time="0.025" /><testcase classname="tests.test_glava_gui_conf" name="test_save_gui_conf_writes_json" time="0.025" /><testcase classname="tests.test_glava_gui_conf" name="test_save_gui_conf_creates_parent_dir" time="0.024" /><testcase classname="tests.test_glava_gui_core" name="test_get_active_rc_glsl_returns_none_when_no_active_instance" time="0.019" /><testcase classname="tests.test_glava_gui_core" name="test_get_active_rc_glsl_returns_path" time="0.020" /><testcase classname="tests.test_glava_gui_core" name="test_get_active_glava_dir_returns_none_when_no_active_instance" time="0.020" /><testcase classname="tests.test_glava_gui_core" name="test_get_active_glava_dir_returns_path" time="0.020" /><testcase classname="tests.test_glava_gui_core" name="test_save_gui_conf_delegates_to_module_function" time="0.019" /><testcase classname="tests.test_glava_gui_core" name="test_save_active_instance_marks_active_entry" time="0.018" /><testcase classname="tests.test_glava_gui_core" name="test_save_active_instance_all_false_when_none_active" time="0.023" /><testcase classname="tests.test_glava_gui_core" name="test_save_active_instance_swallows_exceptions" time="0.020" /><testcase classname="tests.test_glava_gui_core" name="test_update_status_shows_active_with_module_and_mode" time="0.022" /><testcase classname="tests.test_glava_gui_core" name="test_update_status_shows_inactive" time="0.023" /><testcase classname="tests.test_glava_gui_core" name="test_update_status_shows_wallpaper_timestamp_when_present" time="0.024" /><testcase classname="tests.test_glava_gui_core" name="test_update_status_shows_lock_icon_when_locked" time="0.021" /><testcase classname="tests.test_glava_gui_core" name="test_update_status_shows_manual_mode" time="0.025" /><testcase classname="tests.test_glava_gui_core" name="test_update_status_shows_red_mode" time="0.022" /><testcase classname="tests.test_glava_gui_core" name="test_schedule_status_update_calls_update_and_reschedules" time="0.021" /><testcase classname="tests.test_glava_gui_instances" name="test_load_saved_instances_skips_nonexistent_directories" time="0.022" /><testcase classname="tests.test_glava_gui_instances" name="test_load_saved_instances_registers_existing_instance" time="0.021" /><testcase classname="tests.test_glava_gui_instances" name="test_load_saved_instances_prefers_rc_module_over_json" time="0.020" /><testcase classname="tests.test_glava_gui_instances" name="test_load_saved_instances_adopts_running_process" time="0.020" /><testcase classname="tests.test_glava_gui_instances" name="test_on_inst_add_registers_and_builds_without_starting" time="0.019" /><testcase classname="tests.test_glava_gui_instances" name="test_on_inst_add_starts_glava_when_start_true" time="0.026" /><testcase classname="tests.test_glava_gui_instances" name="test_on_inst_add_removes_disable_flag_when_starting" time="0.023" /><testcase classname="tests.test_glava_gui_instances" name="test_on_inst_add_syncs_actual_label_to_registry" time="0.021" /><testcase classname="tests.test_glava_gui_instances" name="test_on_inst_add_swallows_update_instance_exception" time="0.022" /><testcase classname="tests.test_glava_gui_instances" name="test_on_inst_close_stops_process_and_unregisters" time="0.020" /><testcase classname="tests.test_glava_gui_instances" name="test_on_inst_close_destroys_instance" time="0.019" /><testcase classname="tests.test_glava_gui_instances" name="test_on_inst_close_switches_active_instance_when_closing_active" time="0.020" /><testcase classname="tests.test_glava_gui_instances" name="test_on_inst_close_sets_none_when_no_instances_remain" time="0.020" /><testcase classname="tests.test_glava_gui_instances" name="test_on_inst_close_resets_restart_flags_for_closed_instance" time="0.020" /><testcase classname="tests.test_glava_gui_instances" name="test_on_inst_close_handles_unregister_exception" time="0.021" /><testcase classname="tests.test_glava_gui_pidwatch" name="test_start_pid_watch_spawns_daemon_thread" time="0.024" /><testcase classname="tests.test_glava_gui_pidwatch" name="test_pid_watch_thread_polls_once_then_schedules_sync" time="0.021" /><testcase classname="tests.test_glava_gui_pidwatch" name="test_pid_watch_thread_exits_immediately_when_inactive" time="0.021" /><testcase classname="tests.test_glava_gui_toggle" name="test_on_glava_toggle_ignores_when_already_in_progress" time="0.021" /><testcase classname="tests.test_glava_gui_toggle" name="test_on_glava_toggle_enables_all_instances" time="0.024" /><testcase classname="tests.test_glava_gui_toggle" name="test_on_glava_toggle_enable_removes_disable_flag" time="0.025" /><testcase classname="tests.test_glava_gui_toggle" name="test_on_glava_toggle_disables_all_instances" time="0.025" /><testcase classname="tests.test_glava_gui_toggle" name="test_on_glava_toggle_disable_creates_parent_dir" time="0.025" /><testcase classname="tests.test_glava_gui_toggle" name="test_on_glava_toggle_after_fn_stops_proc_if_disabled_during_restart" time="0.023" /><testcase classname="tests.test_glava_lifecycle" name="test_glava_stop_instance_escalates_to_sigkill_after_timeout" time="0.019" /><testcase classname="tests.test_glava_lifecycle" name="test_glava_stop_instance_no_pid_falls_back_to_wait_then_kill" time="0.020" /><testcase classname="tests.test_glava_lifecycle" name="test_glava_stop_instance_swallows_outer_oserror" time="0.020" /><testcase classname="tests.test_glava_lifecycle" name="test_glava_stop_instance_clears_pid_for_adopted_after_kill" time="0.022" /><testcase classname="tests.test_glava_lifecycle" name="test_glava_restart_instance_full_cycle" time="0.018" /><testcase classname="tests.test_glava_lifecycle" name="test_glava_restart_instance_without_after_fn" time="0.021" /><testcase classname="tests.test_glava_lifecycle" name="test_adopted_process_wait_returns_immediately_when_proc_status_missing" time="0.020" /><testcase classname="tests.test_glava_lifecycle" name="test_adopted_process_wait_detects_zombie_state" time="0.021" /><testcase classname="tests.test_glava_lifecycle" name="test_adopted_process_wait_polls_until_timeout_when_alive" time="0.219" /><testcase classname="tests.test_glava_lifecycle" name="test_glava_is_running_true_when_pgrep_succeeds" time="0.018" /><testcase classname="tests.test_glava_lifecycle" name="test_glava_is_running_false_when_pgrep_fails" time="0.022" /><testcase classname="tests.test_glava_lifecycle" name="test_glava_stop_all_calls_pkill" time="0.019" /><testcase classname="tests.test_glava_lifecycle" name="test_glava_toggle_stops_when_running" time="0.019" /><testcase classname="tests.test_glava_lifecycle" name="test_glava_toggle_starts_when_not_running" time="0.022" /><testcase classname="tests.test_glava_lifecycle" name="test_restore_auto_removes_flags_and_starts_script" time="0.022" /><testcase classname="tests.test_glava_lifecycle" name="test_restore_auto_without_callback" time="0.022" /><testcase classname="tests.test_glava_lifecycle" name="test_update_autostart_returns_false_on_exception" time="0.023" /><testcase classname="tests.test_glava_lifecycle" name="test_glava_start_applies_custom_env" time="0.025" /><testcase classname="tests.test_glava_process" name="test_glava_start_returns_popen_or_none" time="0.026" /><testcase classname="tests.test_glava_process" name="test_glava_start_writes_pid" time="0.030" /><testcase classname="tests.test_glava_process" name="test_glava_start_sets_xdg_env" time="0.028" /><testcase classname="tests.test_glava_process" name="test_glava_start_extra_flags" time="0.025" /><testcase classname="tests.test_glava_process" name="test_glava_start_default_flag" time="0.022" /><testcase classname="tests.test_glava_process" name="test_glava_stop_instance_terminates_process" time="2.078" /><testcase classname="tests.test_glava_process" name="test_glava_stop_instance_none_does_not_crash" time="0.021" /><testcase classname="tests.test_glava_process" name="test_glava_stop_instance_already_dead" time="0.077" /><testcase classname="tests.test_glava_process" name="test_glava_stop_instance_clears_pid_for_adopted" time="2.083" /><testcase classname="tests.test_glava_process" name="test_glava_is_instance_running_live" time="0.033" /><testcase classname="tests.test_glava_process" name="test_glava_is_instance_running_dead" time="0.074" /><testcase classname="tests.test_glava_process" name="test_glava_is_instance_running_none" time="0.023" /><testcase classname="tests.test_glava_process" name="test_toggle_wallpaper_lock_creates_file" time="0.024" /><testcase classname="tests.test_glava_process" name="test_toggle_wallpaper_lock_removes_file" time="0.025" /><testcase classname="tests.test_glava_process" name="test_toggle_wallpaper_lock_toggle_twice" time="0.022" /><testcase classname="tests.test_glava_process" name="test_update_autostart_creates_file" time="0.027" /><testcase classname="tests.test_glava_process" name="test_update_autostart_exec_line" time="0.022" /><testcase classname="tests.test_glava_process" name="test_update_autostart_empty_flags" time="0.025" /><testcase classname="tests.test_glava_process" name="test_update_autostart_none_flags" time="0.022" /><testcase classname="tests.test_glava_process" name="test_update_autostart_overwrites_exec" time="0.028" /><testcase classname="tests.test_glava_process" name="test_update_autostart_desktop_entry_format" time="0.023" /><testcase classname="tests.test_glsl_io" name="test_read_defines_basic" time="0.025" /><testcase classname="tests.test_glsl_io" name="test_write_defines_roundtrip" time="0.024" /><testcase classname="tests.test_glsl_io" name="test_write_defines_clamps_to_range" time="0.025" /><testcase classname="tests.test_glsl_io" name="test_write_smooth_roundtrip" time="0.028" /><testcase classname="tests.test_glsl_io" name="test_write_int_req_roundtrip" time="0.024" /><testcase classname="tests.test_glsl_io" name="test_write_int_req_overwrites" time="0.028" /><testcase classname="tests.test_glsl_io" name="test_write_define_int_roundtrip" time="0.027" /><testcase classname="tests.test_glsl_io" name="test_write_define_float_roundtrip" time="0.024" /><testcase classname="tests.test_glsl_io_2.TestDecimals" name="test_integer_step" time="0.024" /><testcase classname="tests.test_glsl_io_2.TestDecimals" name="test_one_decimal" time="0.019" /><testcase classname="tests.test_glsl_io_2.TestDecimals" name="test_two_decimals" time="0.021" /><testcase classname="tests.test_glsl_io_2.TestDecimals" name="test_trailing_zero_stripped" time="0.023" /><testcase classname="tests.test_glsl_io_2.TestDecimals" name="test_large_integer" time="0.020" /><testcase classname="tests.test_glsl_io_2.TestReadDefines" name="test_reads_existing_values" time="0.023" /><testcase classname="tests.test_glsl_io_2.TestReadDefines" name="test_returns_defaults_for_missing_keys" time="0.025" /><testcase classname="tests.test_glsl_io_2.TestReadDefines" name="test_nonexistent_file_returns_defaults" time="0.023" /><testcase classname="tests.test_glsl_io_2.TestReadDefines" name="test_ignores_invalid_value" time="0.025" /><testcase classname="tests.test_glsl_io_2.TestWriteDefines" name="test_updates_existing_define" time="0.027" /><testcase classname="tests.test_glsl_io_2.TestWriteDefines" name="test_appends_missing_define" time="0.025" /><testcase classname="tests.test_glsl_io_2.TestWriteDefines" name="test_deduplicates_define" time="0.025" /><testcase classname="tests.test_glsl_io_2.TestWriteDefines" name="test_ignores_unknown_key" time="0.023" /><testcase classname="tests.test_glsl_io_2.TestWriteDefines" name="test_no_op_on_missing_file" time="0.023" /><testcase classname="tests.test_glsl_io_2.TestFlagDefines" name="test_reads_flags" time="0.026" /><testcase classname="tests.test_glsl_io_2.TestFlagDefines" name="test_defaults_to_zero" time="0.024" /><testcase classname="tests.test_glsl_io_2.TestFlagDefines" name="test_writes_flag" time="0.024" /><testcase classname="tests.test_glsl_io_2.TestFlagDefines" name="test_missing_file_no_crash" time="0.022" /><testcase classname="tests.test_glsl_io_2.TestReadRaw" name="test_reads_string_values" time="0.024" /><testcase classname="tests.test_glsl_io_2.TestReadRaw" name="test_no_duplicate_keys" time="0.023" /><testcase classname="tests.test_glsl_io_2.TestReadRaw" name="test_missing_file_empty_dict" time="0.025" /><testcase classname="tests.test_glsl_io_2.TestReadRaw" name="test_read_all_defines_same_as_read_raw" time="0.023" /><testcase classname="tests.test_glsl_io_2.TestWriteDefineVariants" name="test_write_define_int_replaces" time="0.026" /><testcase classname="tests.test_glsl_io_2.TestWriteDefineVariants" name="test_write_define_int_appends" time="0.025" /><testcase classname="tests.test_glsl_io_2.TestWriteDefineVariants" name="test_write_define_float_precision" time="0.025" /><testcase classname="tests.test_glsl_io_2.TestWriteDefineVariants" name="test_write_define_float_two_decimals" time="0.023" /><testcase classname="tests.test_glsl_io_2.TestWriteDefineVariants" name="test_write_define_raw_expression" time="0.026" /><testcase classname="tests.test_glsl_io_2.TestWriteDefineVariants" name="test_write_define_int_missing_file_no_crash" time="0.024" /><testcase classname="tests.test_glsl_io_2.TestWriteDefineVariants" name="test_write_define_raw_missing_file_no_crash" time="0.022" /><testcase classname="tests.test_glsl_io_2.TestSmooth" name="test_reads_float_params" time="0.024" /><testcase classname="tests.test_glsl_io_2.TestSmooth" name="test_defaults_on_missing_file" time="0.026" /><testcase classname="tests.test_glsl_io_2.TestSmooth" name="test_writes_float_params" time="0.024" /><testcase classname="tests.test_glsl_io_2.TestSmooth" name="test_writes_avgframes_as_int" time="0.025" /><testcase classname="tests.test_glsl_io_2.TestSmooth" name="test_write_smooth_missing_file_no_crash" time="0.024" /><testcase classname="tests.test_glsl_io_2.TestIntReq" name="test_reads_value" time="0.023" /><testcase classname="tests.test_glsl_io_2.TestIntReq" name="test_returns_default_when_missing" time="0.025" /><testcase classname="tests.test_glsl_io_2.TestIntReq" name="test_returns_default_on_missing_file" time="0.023" /><testcase classname="tests.test_glsl_io_2.TestIntReq" name="test_writes_value" time="0.024" /><testcase classname="tests.test_glsl_io_2.TestIntReq" name="test_write_no_op_on_missing_file" time="0.026" /><testcase classname="tests.test_glsl_io_2.TestBoolReq" name="test_reads_true" time="0.029" /><testcase classname="tests.test_glsl_io_2.TestBoolReq" name="test_reads_false" time="0.025" /><testcase classname="tests.test_glsl_io_2.TestBoolReq" name="test_missing_key_returns_false" time="0.024" /><testcase classname="tests.test_glsl_io_2.TestBoolReq" name="test_missing_file_returns_false" time="0.023" /><testcase classname="tests.test_glsl_io_2.TestBoolReq" name="test_writes_true" time="0.025" /><testcase classname="tests.test_glsl_io_2.TestBoolReq" name="test_writes_false" time="0.024" /><testcase classname="tests.test_glsl_io_2.TestBoolReq" name="test_write_no_op_on_missing_file" time="0.024" /><testcase classname="tests.test_glsl_io_2.TestWriteRequest" name="test_writes_string_value" time="0.024" /><testcase classname="tests.test_glsl_io_2.TestWriteRequest" name="test_no_op_when_key_missing" time="0.025" /><testcase classname="tests.test_glsl_io_2.TestWriteRequest" name="test_no_op_on_missing_file" time="0.028" /><testcase classname="tests.test_glsl_io_extended" name="test_decimals_integer" time="0.019" /><testcase classname="tests.test_glsl_io_extended" name="test_decimals_one_place" time="0.020" /><testcase classname="tests.test_glsl_io_extended" name="test_decimals_three_places" time="0.020" /><testcase classname="tests.test_glsl_io_extended" name="test_decimals_trailing_zeros" time="0.019" /><testcase classname="tests.test_glsl_io_extended" name="test_read_flag_defines_basic" time="0.025" /><testcase classname="tests.test_glsl_io_extended" name="test_write_flag_defines_set_one" time="0.025" /><testcase classname="tests.test_glsl_io_extended" name="test_write_flag_defines_all" time="0.026" /><testcase classname="tests.test_glsl_io_extended" name="test_write_flag_defines_no_duplicate" time="0.026" /><testcase classname="tests.test_glsl_io_extended" name="test_read_flag_defines_missing_file" time="0.027" /><testcase classname="tests.test_glsl_io_extended" name="test_write_define_raw_string" time="0.025" /><testcase classname="tests.test_glsl_io_extended" name="test_write_define_raw_overwrites" time="0.025" /><testcase classname="tests.test_glsl_io_extended" name="test_write_define_raw_missing_file" time="0.023" /><testcase classname="tests.test_glsl_io_extended" name="test_read_int_req_existing" time="0.024" /><testcase classname="tests.test_glsl_io_extended" name="test_read_int_req_default" time="0.025" /><testcase classname="tests.test_glsl_io_extended" name="test_read_int_req_missing_file" time="0.027" /><testcase classname="tests.test_glsl_io_extended" name="test_write_bool_req_true" time="0.030" /><testcase classname="tests.test_glsl_io_extended" name="test_write_bool_req_false" time="0.025" /><testcase classname="tests.test_glsl_io_extended" name="test_read_bool_req_missing_key" time="0.025" /><testcase classname="tests.test_glsl_io_extended" name="test_read_bool_req_missing_file" time="0.025" /><testcase classname="tests.test_glsl_io_extended" name="test_write_request_string" time="0.023" /><testcase classname="tests.test_glsl_io_extended" name="test_write_request_overwrites" time="0.024" /><testcase classname="tests.test_glsl_io_extended" name="test_write_request_missing_file" time="0.022" /><testcase classname="tests.test_glsl_io_extended" name="test_read_all_defines_basic" time="0.026" /><testcase classname="tests.test_glsl_io_extended" name="test_read_all_defines_values_are_strings" time="0.025" /><testcase classname="tests.test_glsl_io_extended" name="test_read_all_defines_vs_read_raw" time="0.027" /><testcase classname="tests.test_glsl_io_extended" name="test_read_all_defines_missing_file" time="0.028" /><testcase classname="tests.test_glsl_io_extended" name="test_read_all_defines_after_write" time="0.029" /><testcase classname="tests.test_graph" name="test_widget_reset_shader_aborts_if_user_declines_confirm" time="0.024" /><testcase classname="tests.test_graph" name="test_widget_reset_shader_calls_module_reset_and_rebuilds" time="0.024" /><testcase classname="tests.test_graph" name="test_widget_reset_shader_falls_back_to_legacy_glava_restart" time="0.024" /><testcase classname="tests.test_graph" name="test_widget_reset_shader_uses_restart_active_instance_when_available" time="0.025" /><testcase classname="tests.test_graph" name="test_write_flag_normal_on_writes_one" time="0.024" /><testcase classname="tests.test_graph" name="test_write_flag_normal_off_writes_zero" time="0.023" /><testcase classname="tests.test_graph" name="test_write_flag_direction_off_writes_minus_one" time="0.023" /><testcase classname="tests.test_graph" name="test_write_flag_invert_calls_update_geometry" time="0.024" /><testcase classname="tests.test_graph" name="test_write_flag_non_invert_does_not_call_update_geometry" time="0.025" /><testcase classname="tests.test_graph" name="test_update_geometry_for_flip_writes_geometry" time="0.027" /><testcase classname="tests.test_graph" name="test_update_geometry_for_flip_swallows_exceptions" time="0.029" /><testcase classname="tests.test_instance" name="test_inst0_paths" time="0.026" /><testcase classname="tests.test_instance" name="test_inst1_paths" time="0.024" /><testcase classname="tests.test_instance" name="test_inst0_module_glsl" time="0.025" /><testcase classname="tests.test_instance" name="test_inst0_profiles_file" time="0.025" /><testcase classname="tests.test_instance" name="test_create_copies_glsl" time="0.028" /><testcase classname="tests.test_instance" name="test_create_idempotent" time="0.026" /><testcase classname="tests.test_instance" name="test_create_from_source" time="0.031" /><testcase classname="tests.test_instance" name="test_create_fallback_to_etc" time="0.031" /><testcase classname="tests.test_instance" name="test_create_makes_conf_dir" time="0.029" /><testcase classname="tests.test_instance" name="test_destroy_removes_dirs" time="0.031" /><testcase classname="tests.test_instance" name="test_destroy_nonexistent_does_not_raise" time="0.028" /><testcase classname="tests.test_instance" name="test_destroy_inst0_allowed" time="0.031" /><testcase classname="tests.test_instance_registry" name="test_load_instances_empty_when_missing" time="0.023" /><testcase classname="tests.test_instance_registry" name="test_load_instances_reads_file" time="0.023" /><testcase classname="tests.test_instance_registry" name="test_load_instances_handles_corrupt" time="0.025" /><testcase classname="tests.test_instance_registry" name="test_load_instances_handles_non_list" time="0.024" /><testcase classname="tests.test_instance_registry" name="test_save_instances_creates_file" time="0.024" /><testcase classname="tests.test_instance_registry" name="test_save_instances_roundtrip" time="0.027" /><testcase classname="tests.test_instance_registry" name="test_register_adds_instance" time="0.026" /><testcase classname="tests.test_instance_registry" name="test_register_default_name" time="0.028" /><testcase classname="tests.test_instance_registry" name="test_register_default_module" time="0.027" /><testcase classname="tests.test_instance_registry" name="test_register_active_false_by_default" time="0.025" /><testcase classname="tests.test_instance_registry" name="test_register_idempotent" time="0.026" /><testcase classname="tests.test_instance_registry" name="test_register_multiple" time="0.030" /><testcase classname="tests.test_instance_registry" name="test_unregister_removes_instance" time="0.027" /><testcase classname="tests.test_instance_registry" name="test_unregister_nonexistent_does_not_raise" time="0.027" /><testcase classname="tests.test_instance_registry" name="test_unregister_inst0_allowed" time="0.024" /><testcase classname="tests.test_instance_registry" name="test_update_instance_name" time="0.025" /><testcase classname="tests.test_instance_registry" name="test_update_instance_module" time="0.027" /><testcase classname="tests.test_instance_registry" name="test_update_instance_active" time="0.027" /><testcase classname="tests.test_instance_registry" name="test_update_nonexistent_does_not_raise" time="0.024" /><testcase classname="tests.test_instance_registry" name="test_next_inst_id_starts_at_1" time="0.023" /><testcase classname="tests.test_instance_registry" name="test_next_inst_id_skips_existing" time="0.024" /><testcase classname="tests.test_instance_registry" name="test_next_inst_id_fills_gap" time="0.024" /><testcase classname="tests.test_instance_registry" name="test_next_inst_id_with_inst0" time="0.026" /><testcase classname="tests.test_instance_tab_bar" name="test_add_tab_creates_entry_in_tabs_dict" time="0.062" /><testcase classname="tests.test_instance_tab_bar" name="test_add_tab_ignores_duplicate_inst_id" time="0.059" /><testcase classname="tests.test_instance_tab_bar" name="test_add_tab_default_label_first_instance_no_suffix" time="0.067" /><testcase classname="tests.test_instance_tab_bar" name="test_add_tab_default_label_second_instance_has_numeric_suffix" time="0.066" /><testcase classname="tests.test_instance_tab_bar" name="test_add_tab_counts_per_module_independently" time="0.069" /><testcase classname="tests.test_instance_tab_bar" name="test_add_tab_increments_module_count_even_with_explicit_label" time="0.062" /><testcase classname="tests.test_instance_tab_bar" name="test_add_tab_explicit_label_is_used_verbatim" time="0.060" /><testcase classname="tests.test_instance_tab_bar" name="test_add_tab_refreshes_idx_map" time="0.062" /><testcase classname="tests.test_instance_tab_bar" name="test_add_tab_select_true_shows_content" time="0.061" /><testcase classname="tests.test_instance_tab_bar" name="test_add_tab_select_false_does_not_show_content" time="0.059" /><testcase classname="tests.test_instance_tab_bar" name="test_remove_tab_nonexistent_id_is_noop" time="0.056" /><testcase classname="tests.test_instance_tab_bar" name="test_remove_tab_deletes_entry_from_tabs_dict" time="0.070" /><testcase classname="tests.test_instance_tab_bar" name="test_remove_tab_refreshes_idx_map" time="0.060" /><testcase classname="tests.test_instance_tab_bar" name="test_remove_tab_shows_content_of_new_active_tab" time="0.062" /><testcase classname="tests.test_instance_tab_bar" name="test_set_label_updates_existing_tab" time="0.061" /><testcase classname="tests.test_instance_tab_bar" name="test_set_label_nonexistent_id_is_noop" time="0.054" /><testcase classname="tests.test_instance_tab_bar" name="test_get_frame_returns_content_frame_for_existing_tab" time="0.062" /><testcase classname="tests.test_instance_tab_bar" name="test_get_frame_returns_none_for_nonexistent_tab" time="0.055" /><testcase classname="tests.test_instance_tab_bar" name="test_active_id_returns_none_when_no_tabs" time="0.056" /><testcase classname="tests.test_instance_tab_bar" name="test_active_id_returns_selected_inst_id" time="0.063" /><testcase classname="tests.test_instance_tab_bar" name="test_notebook_property_returns_ttk_notebook" time="0.061" /><testcase classname="tests.test_instance_tab_bar" name="test_content_frame_property_returns_ttk_frame" time="0.067" /><testcase classname="tests.test_instance_tab_bar" name="test_refresh_idx_map_matches_notebook_order" time="0.072" /><testcase classname="tests.test_instance_tab_bar" name="test_refresh_idx_map_after_removal_reindexes_correctly" time="0.067" /><testcase classname="tests.test_instance_tab_bar" name="test_call_invokes_matching_callback" time="0.056" /><testcase classname="tests.test_instance_tab_bar" name="test_call_with_no_callback_registered_is_noop" time="0.058" /><testcase classname="tests.test_instance_tab_bar" name="test_call_passes_through_multiple_args" time="0.057" /><testcase classname="tests.test_instance_tab_bar" name="test_do_rename_nonexistent_id_is_noop" time="0.058" /><testcase classname="tests.test_instance_tab_bar" name="test_do_rename_updates_label_on_confirm" time="0.059" /><testcase classname="tests.test_instance_tab_bar" name="test_do_rename_strips_whitespace" time="0.066" /><testcase classname="tests.test_instance_tab_bar" name="test_do_rename_cancelled_dialog_returns_none_does_not_change_label" time="0.058" /><testcase classname="tests.test_instance_tab_bar" name="test_do_rename_blank_whitespace_only_does_not_change_label" time="0.072" /><testcase classname="tests.test_instance_tab_bar" name="test_show_content_packs_only_target_tab" time="0.061" /><testcase classname="tests.test_instance_tab_bar" name="test_on_tab_changed_calls_on_select_for_current_tab" time="0.068" /><testcase classname="tests.test_instance_tab_bar" name="test_on_tab_click_force_invalid_coords_does_not_crash" time="0.056" /><testcase classname="tests.test_modules" name="test_collect_params_returns_dict[bars]" time="0.030" /><testcase classname="tests.test_modules" name="test_collect_params_returns_dict[circle]" time="0.029" /><testcase classname="tests.test_modules" name="test_collect_params_returns_dict[graph]" time="0.034" /><testcase classname="tests.test_modules" name="test_collect_params_returns_dict[wave]" time="0.029" /><testcase classname="tests.test_modules" name="test_collect_params_returns_dict[radial]" time="0.027" /><testcase classname="tests.test_modules" name="test_collect_params_has_shape_keys[bars]" time="0.025" /><testcase classname="tests.test_modules" name="test_collect_params_has_shape_keys[circle]" time="0.024" /><testcase classname="tests.test_modules" name="test_collect_params_has_shape_keys[graph]" time="0.024" /><testcase classname="tests.test_modules" name="test_collect_params_has_shape_keys[wave]" time="0.025" /><testcase classname="tests.test_modules" name="test_collect_params_has_shape_keys[radial]" time="0.025" /><testcase classname="tests.test_modules" name="test_collect_params_has_smooth_keys[bars]" time="0.029" /><testcase classname="tests.test_modules" name="test_collect_params_has_smooth_keys[circle]" time="0.027" /><testcase classname="tests.test_modules" name="test_collect_params_has_smooth_keys[graph]" time="0.029" /><testcase classname="tests.test_modules" name="test_collect_params_has_smooth_keys[wave]" time="0.027" /><testcase classname="tests.test_modules" name="test_collect_params_has_smooth_keys[radial]" time="0.035" /><testcase classname="tests.test_modules" name="test_apply_collect_roundtrip[bars]" time="0.030" /><testcase classname="tests.test_modules" name="test_apply_collect_roundtrip[circle]" time="0.031" /><testcase classname="tests.test_modules" name="test_apply_collect_roundtrip[graph]" time="0.028" /><testcase classname="tests.test_modules" name="test_apply_collect_roundtrip[wave]" time="0.027" /><testcase classname="tests.test_modules" name="test_apply_params_does_not_crash[bars]" time="0.030" /><testcase classname="tests.test_modules" name="test_apply_params_does_not_crash[circle]" time="0.028" /><testcase classname="tests.test_modules" name="test_apply_params_does_not_crash[graph]" time="0.028" /><testcase classname="tests.test_modules" name="test_apply_params_does_not_crash[wave]" time="0.027" /><testcase classname="tests.test_modules" name="test_apply_params_does_not_crash[radial]" time="0.028" /><testcase classname="tests.test_modules" name="test_circle_rotate_to_deg_symbolic" time="0.020" /><testcase classname="tests.test_modules" name="test_circle_rotate_to_deg_float" time="0.019" /><testcase classname="tests.test_modules" name="test_circle_deg_to_rotate_zero" time="0.019" /><testcase classname="tests.test_modules" name="test_circle_deg_to_rotate_90" time="0.025" /><testcase classname="tests.test_modules" name="test_circle_deg_to_rotate_180" time="0.022" /><testcase classname="tests.test_modules" name="test_circle_rotate_roundtrip" time="0.023" /><testcase classname="tests.test_modules" name="test_radial_rotate_to_deg_symbolic" time="0.019" /><testcase classname="tests.test_modules" name="test_radial_rotate_to_deg_float" time="0.023" /><testcase classname="tests.test_modules" name="test_radial_rotate_to_deg_unknown" time="0.018" /><testcase classname="tests.test_modules" name="test_radial_deg_to_rotate_90" time="0.022" /><testcase classname="tests.test_modules" name="test_radial_rotate_roundtrip" time="0.019" /><testcase classname="tests.test_modules" name="test_shape_params_structure[bars]" time="0.018" /><testcase classname="tests.test_modules" name="test_shape_params_structure[circle]" time="0.020" /><testcase classname="tests.test_modules" name="test_shape_params_structure[graph]" time="0.019" /><testcase classname="tests.test_modules" name="test_shape_params_structure[wave]" time="0.021" /><testcase classname="tests.test_modules" name="test_flag_params_structure[bars]" time="0.019" /><testcase classname="tests.test_modules" name="test_flag_params_structure[circle]" time="0.019" /><testcase classname="tests.test_modules" name="test_flag_params_structure[graph]" time="0.021" /><testcase classname="tests.test_modules" name="test_flag_params_structure[wave]" time="0.020" /><testcase classname="tests.test_modules" name="test_flag_params_structure[radial]" time="0.020" /><testcase classname="tests.test_modules" name="test_radial_shape_int_params_structure" time="0.023" /><testcase classname="tests.test_modules" name="test_radial_shape_float_params_structure" time="0.019" /><testcase classname="tests.test_modules" name="test_radial_collect_params_has_int_keys" time="0.029" /><testcase classname="tests.test_modules" name="test_radial_collect_params_has_float_keys" time="0.029" /><testcase classname="tests.test_modules" name="test_radial_apply_params_does_not_crash" time="0.028" /><testcase classname="tests.test_modules" name="test_radial_collect_after_apply_int_in_range" time="0.027" /><testcase classname="tests.test_modules" name="test_radial_collect_after_apply_float_in_range" time="0.028" /><testcase classname="tests.test_pid" name="test_write_and_read_pid" time="0.027" /><testcase classname="tests.test_pid" name="test_read_pid_missing_file" time="0.024" /><testcase classname="tests.test_pid" name="test_read_pid_corrupt_file" time="0.027" /><testcase classname="tests.test_pid" name="test_clear_pid_removes_file" time="0.026" /><testcase classname="tests.test_pid" name="test_clear_pid_nonexistent_does_not_raise" time="0.025" /><testcase classname="tests.test_pid" name="test_write_pid_creates_dir" time="0.027" /><testcase classname="tests.test_pid" name="test_is_pid_running_live_process" time="0.028" /><testcase classname="tests.test_pid" name="test_is_pid_running_dead_pid" time="0.025" /><testcase classname="tests.test_pid" name="test_is_pid_running_none" time="0.028" /><testcase classname="tests.test_pid" name="test_is_pid_running_after_process_dies" time="0.176" /><testcase classname="tests.test_pid" name="test_adopted_poll_live" time="0.025" /><testcase classname="tests.test_pid" name="test_adopted_poll_dead" time="0.178" /><testcase classname="tests.test_pid" name="test_adopted_terminate" time="0.028" /><testcase classname="tests.test_pid" name="test_adopted_kill" time="0.030" /><testcase classname="tests.test_pid" name="test_adopted_wait" time="0.129" /><testcase classname="tests.test_pid" name="test_adopted_repr" time="0.026" /><testcase classname="tests.test_pid" name="test_adopt_instance_live" time="0.027" /><testcase classname="tests.test_pid" name="test_adopt_instance_dead_pid" time="0.176" /><testcase classname="tests.test_pid" name="test_adopt_instance_no_pid_file" time="0.024" /><testcase classname="tests.test_radial" name="test_widget_reset_shader_aborts_if_user_declines_confirm" time="0.066" /><testcase classname="tests.test_radial" name="test_widget_reset_shader_calls_module_reset_and_rebuilds" time="0.073" /><testcase classname="tests.test_radial" name="test_widget_reset_shader_falls_back_to_legacy_glava_restart" time="0.075" /><testcase classname="tests.test_radial" name="test_widget_reset_shader_uses_restart_active_instance_when_available" time="0.066" /><testcase classname="tests.test_radial" name="test_write_rotate_writes_define_and_schedules_restart" time="0.084" /><testcase classname="tests.test_radial" name="test_write_flag_on_writes_one" time="0.131" /><testcase classname="tests.test_radial" name="test_write_flag_off_writes_zero" time="0.080" /><testcase classname="tests.test_radial" name="test_rotate_to_deg_known_symbols[zero]" time="0.024" /><testcase classname="tests.test_radial" name="test_rotate_to_deg_known_symbols[half_pi]" time="0.026" /><testcase classname="tests.test_radial" name="test_rotate_to_deg_known_symbols[pi]" time="0.026" /><testcase classname="tests.test_radial" name="test_rotate_to_deg_known_symbols[three_half_pi]" time="0.028" /><testcase classname="tests.test_radial" name="test_rotate_to_deg_strips_internal_spaces" time="0.029" /><testcase classname="tests.test_radial" name="test_rotate_to_deg_invalid_falls_back_to_90" time="0.021" /><testcase classname="tests.test_radial" name="test_deg_to_rotate_roundtrip" time="0.023" /><testcase classname="tests.test_rc_module" name="test_write_rc_module_changes_module" time="0.033" /><testcase classname="tests.test_rc_module" name="test_write_rc_module_all_modules" time="0.026" /><testcase classname="tests.test_rc_module" name="test_write_rc_module_no_duplicate" time="0.031" /><testcase classname="tests.test_rc_module" name="test_write_rc_module_missing_file" time="0.033" /><testcase classname="tests.test_rc_module" name="test_read_rc_module_after_write" time="0.027" /><testcase classname="tests.test_rc_module" name="test_read_rc_module_all_modules" time="0.037" /><testcase classname="tests.test_rc_module" name="test_read_rc_module_unknown_returns_none" time="0.032" /><testcase classname="tests.test_rc_module" name="test_read_rc_module_missing_file" time="0.030" /><testcase classname="tests.test_rc_module" name="test_write_read_roundtrip" time="0.035" /><testcase classname="tests.test_reset_shader" name="test_reset_shader_bars_copies_template" time="0.039" /><testcase classname="tests.test_reset_shader" name="test_reset_shader_bars_writes_defaults" time="0.039" /><testcase classname="tests.test_reset_shader" name="test_reset_shader_bars_clears_flags" time="0.037" /><testcase classname="tests.test_reset_shader" name="test_reset_shader_does_not_crash[bars]" time="0.032" /><testcase classname="tests.test_reset_shader" name="test_reset_shader_does_not_crash[circle]" time="0.039" /><testcase classname="tests.test_reset_shader" name="test_reset_shader_does_not_crash[graph]" time="0.043" /><testcase classname="tests.test_reset_shader" name="test_reset_shader_does_not_crash[wave]" time="0.045" /><testcase classname="tests.test_reset_shader" name="test_reset_shader_does_not_crash[radial]" time="0.045" /><testcase classname="tests.test_reset_shader" name="test_reset_shader_creates_live_frag[bars]" time="0.040" /><testcase classname="tests.test_reset_shader" name="test_reset_shader_creates_live_frag[circle]" time="0.046" /><testcase classname="tests.test_reset_shader" name="test_reset_shader_creates_live_frag[graph]" time="0.036" /><testcase classname="tests.test_reset_shader" name="test_reset_shader_creates_live_frag[wave]" time="0.035" /><testcase classname="tests.test_reset_shader" name="test_reset_shader_creates_live_frag[radial]" time="0.037" /><testcase classname="tests.test_reset_shader" name="test_reset_shader_restores_shape_defaults[bars]" time="0.032" /><testcase classname="tests.test_reset_shader" name="test_reset_shader_restores_shape_defaults[circle]" time="0.032" /><testcase classname="tests.test_reset_shader" name="test_reset_shader_restores_shape_defaults[graph]" time="0.049" /><testcase classname="tests.test_reset_shader" name="test_reset_shader_restores_shape_defaults[wave]" time="0.052" /><testcase classname="tests.test_reset_shader" name="test_glava_restart_writes_module" time="0.233" /><testcase classname="tests.test_reset_shader" name="test_glava_restart_calls_after_fn" time="0.225" /><testcase classname="tests.test_reset_shader" name="test_glava_restart_calls_stop_all" time="0.225" /><testcase classname="tests.test_shader_change_debounce" name="test_single_param_change_schedules_one_after" time="0.026" /><testcase classname="tests.test_shader_change_debounce" name="test_rapid_param_changes_schedule_one_after" time="0.027" /><testcase classname="tests.test_shader_change_debounce" name="test_rapid_param_changes_fire_one_restart" time="0.074" /><testcase classname="tests.test_shader_change_debounce" name="test_param_change_uses_latest_module" time="0.077" /><testcase classname="tests.test_shader_change_debounce" name="test_second_param_change_cancels_first_after" time="0.029" /><testcase classname="tests.test_shader_change_debounce" name="test_restart_after_cleared_after_execution" time="0.074" /><testcase classname="tests.test_shader_change_debounce" name="test_two_sequential_param_changes_fire_two_restarts" time="0.079" /><testcase classname="tests.test_shader_change_debounce" name="test_no_process_duplication_after_rapid_param_change" time="0.129" /><testcase classname="tests.test_shader_change_debounce" name="test_rapid_shader_change_fires_one_restart" time="0.073" /><testcase classname="tests.test_shader_change_debounce" name="test_rapid_shader_change_uses_last_module" time="0.084" /><testcase classname="tests.test_shader_change_debounce" name="test_shader_change_after_cleared_after_execution" time="0.076" /><testcase classname="tests.test_shader_change_debounce" name="test_shader_change_and_param_change_are_independent" time="0.031" /><testcase classname="tests.test_shader_change_debounce" name="test_no_orphan_after_rapid_shader_change" time="0.130" /><testcase classname="tests.test_tab_label_persistence" name="test_is_auto_does_not_match_generated_label_single" time="0.021" /><testcase classname="tests.test_tab_label_persistence" name="test_is_auto_does_not_match_generated_label_numbered" time="0.020" /><testcase classname="tests.test_tab_label_persistence" name="test_is_auto_does_not_match_any_module" time="0.019" /><testcase classname="tests.test_tab_label_persistence" name="test_is_auto_matches_legacy_patterns" time="0.018" /><testcase classname="tests.test_tab_label_persistence" name="test_is_auto_does_not_match_user_rename" time="0.021" /><testcase classname="tests.test_tab_label_persistence" name="test_second_session_bars_gets_wrong_number" time="0.020" /><testcase classname="tests.test_tab_label_persistence" name="test_module_change_corrupts_saved_name" time="0.031" /><testcase classname="tests.test_tab_label_persistence" name="test_correct_is_auto_would_catch_generated_labels" time="0.020" /><testcase classname="tests.test_tab_label_persistence" name="test_full_restart_cycle_three_instances" time="0.030" /><testcase classname="tests.test_tab_label_persistence" name="test_unregister_does_not_corrupt_remaining_names" time="0.030" /><testcase classname="tests.test_tab_logic" name="test_live_frag_with_instance" time="0.030" /><testcase classname="tests.test_tab_logic" name="test_tmpl_frag_with_instance" time="0.029" /><testcase classname="tests.test_tab_logic" name="test_live_frag_uses_active_module" time="0.026" /><testcase classname="tests.test_tab_logic" name="test_tmpl_frag_uses_active_module" time="0.034" /><testcase classname="tests.test_tab_logic" name="test_live_frag_fallback_no_instance" time="0.032" /><testcase classname="tests.test_tab_logic" name="test_contrast_fg_dark_color" time="0.030" /><testcase classname="tests.test_tab_logic" name="test_contrast_fg_light_color" time="0.033" /><testcase classname="tests.test_tab_logic" name="test_contrast_fg_mid_gray" time="0.029" /><testcase classname="tests.test_tab_logic" name="test_contrast_fg_invalid" time="0.029" /><testcase classname="tests.test_tab_logic" name="test_update_geometry_bars_writes_rc" time="0.027" /><testcase classname="tests.test_tab_logic" name="test_update_geometry_all_modules_no_crash" time="0.029" /><testcase classname="tests.test_tab_logic" name="test_update_geometry_reads_flip_flag" time="0.031" /><testcase classname="tests.test_tab_logic" name="test_rc_glsl_from_app" time="0.033" /><testcase classname="tests.test_tab_logic" name="test_rc_glsl_fallback" time="0.030" /><testcase classname="tests.test_tab_logic" name="test_expert_false_by_default" time="0.030" /><testcase classname="tests.test_tab_logic" name="test_expert_true_when_set" time="0.030" /><testcase classname="tests.test_tab_logic" name="test_expert_false_without_attr" time="0.027" /><testcase classname="tests.test_tab_logic" name="test_read_request_bool_true" time="0.026" /><testcase classname="tests.test_tab_logic" name="test_read_request_bool_false" time="0.026" /><testcase classname="tests.test_tab_logic" name="test_read_request_bool_missing_key" time="0.024" /><testcase classname="tests.test_tab_logic" name="test_read_request_bool_missing_file" time="0.030" /><testcase classname="tests.test_tab_logic" name="test_tab_advanced_read_bool_via_rc_glsl" time="0.030" /><testcase classname="tests.test_tab_logic" name="test_tab_advanced_read_bool_false" time="0.027" /><testcase classname="tests.test_tab_logic" name="test_read_request_int_existing" time="0.026" /><testcase classname="tests.test_tab_logic" name="test_read_request_int_default" time="0.025" /><testcase classname="tests.test_tab_logic" name="test_read_request_int_missing_file" time="0.024" /><testcase classname="tests.test_tab_logic" name="test_tab_advanced_read_int_via_rc_glsl" time="0.029" /><testcase classname="tests.test_tab_logic" name="test_write_request_to_existing_key" time="0.030" /><testcase classname="tests.test_tab_logic" name="test_write_request_to_appends_new_key" time="0.027" /><testcase classname="tests.test_tab_logic" name="test_write_request_to_no_duplicate" time="0.028" /><testcase classname="tests.test_tab_logic" name="test_write_request_to_missing_file" time="0.030" /><testcase classname="tests.test_tab_logic" name="test_write_request_writes_to_all_instances" time="0.031" /><testcase classname="tests.test_tab_logic" name="test_write_request_fallback_single_rc" time="0.028" /><testcase classname="tests.test_tab_main" name="test_inst_returns_active_instance" time="0.025" /><testcase classname="tests.test_tab_main" name="test_live_frag_uses_instance_path_when_instance_present" time="0.029" /><testcase classname="tests.test_tab_main" name="test_live_frag_defaults_to_active_module_when_module_none" time="0.029" /><testcase classname="tests.test_tab_main" name="test_live_frag_falls_back_to_global_get_live_frag_when_no_instance" time="0.026" /><testcase classname="tests.test_tab_main" name="test_tmpl_frag_uses_instance_path_when_instance_present" time="0.026" /><testcase classname="tests.test_tab_main" name="test_tmpl_frag_falls_back_to_global_get_template_when_no_instance" time="0.030" /><testcase classname="tests.test_tab_main" name="test_load_colors_from_live_uses_frag_colors_when_no_last_session" time="0.030" /><testcase classname="tests.test_tab_main" name="test_load_colors_from_live_prefers_last_session_over_frag" time="0.025" /><testcase classname="tests.test_tab_main" name="test_load_colors_from_live_keeps_default_when_frag_returns_none" time="0.026" /><testcase classname="tests.test_tab_main" name="test_contrast_fg_returns_correct_text_color[#ffffff-#000000]" time="0.024" /><testcase classname="tests.test_tab_main" name="test_contrast_fg_returns_correct_text_color[#000000-#ffffff]" time="0.024" /><testcase classname="tests.test_tab_main" name="test_contrast_fg_returns_correct_text_color[#e53935-#ffffff]" time="0.027" /><testcase classname="tests.test_tab_main" name="test_contrast_fg_invalid_hex_falls_back_to_white" time="0.027" /><testcase classname="tests.test_tab_main" name="test_update_color_btn_sets_color_on_known_key" time="0.028" /><testcase classname="tests.test_tab_main" name="test_update_color_btn_ignores_unknown_key" time="0.028" /><testcase classname="tests.test_tab_main" name="test_pick_color_updates_current_colors_and_saves_session" time="0.027" /><testcase classname="tests.test_tab_main" name="test_pick_color_cancelled_dialog_does_not_change_colors" time="0.026" /><testcase classname="tests.test_tab_main" name="test_save_last_session_persists_current_colors" time="0.028" /><testcase classname="tests.test_tab_main" name="test_load_preset_applies_existing_preset" time="0.026" /><testcase classname="tests.test_tab_main" name="test_load_preset_does_nothing_if_name_empty" time="0.024" /><testcase classname="tests.test_tab_main" name="test_load_preset_does_nothing_if_name_not_in_presets" time="0.024" /><testcase classname="tests.test_tab_main" name="test_save_preset_saves_when_name_given" time="0.023" /><testcase classname="tests.test_tab_main" name="test_save_preset_cancelled_dialog_does_not_save" time="0.026" /><testcase classname="tests.test_tab_main" name="test_delete_preset_removes_when_confirmed" time="0.025" /><testcase classname="tests.test_tab_main" name="test_delete_preset_declined_confirm_keeps_preset" time="0.030" /><testcase classname="tests.test_tab_main" name="test_delete_preset_empty_name_is_noop" time="0.027" /><testcase classname="tests.test_tab_main" name="test_refresh_preset_cb_excludes_last_session_and_sorts" time="0.026" /><testcase classname="tests.test_tab_main" name="test_refresh_preset_cb_empty_does_not_set_current" time="0.028" /><testcase classname="tests.test_tab_main" name="test_apply_colors_single_instance_writes_and_restarts_legacy" time="0.026" /><testcase classname="tests.test_tab_main" name="test_apply_colors_single_instance_shows_error_on_failure" time="0.025" /><testcase classname="tests.test_tab_main" name="test_apply_colors_uses_restart_active_instance_when_available" time="0.025" /><testcase classname="tests.test_tab_main" name="test_apply_colors_all_instances_writes_each_and_restarts_each" time="0.026" /><testcase classname="tests.test_tab_main" name="test_apply_colors_all_instances_shows_error_if_any_instance_fails" time="0.028" /><testcase classname="tests.test_tab_main" name="test_capture_colors_updates_current_colors_when_found" time="0.029" /><testcase classname="tests.test_tab_main" name="test_capture_colors_does_nothing_when_frag_returns_none" time="0.027" /><testcase classname="tests.test_tab_main" name="test_change_gradient_updates_mode_and_persists_settings" time="0.029" /><testcase classname="tests.test_tab_main" name="test_change_gradient_calls_set_gradient_mode_for_active_instance" time="0.027" /><testcase classname="tests.test_tab_main" name="test_change_gradient_all_instances_restarts_each_and_restores_active" time="0.028" /><testcase classname="tests.test_tab_main" name="test_change_gradient_single_instance_uses_restart_active_instance_when_available" time="0.025" /><testcase classname="tests.test_tab_main" name="test_update_hsv_warn_sets_warning_when_not_supported" time="0.031" /><testcase classname="tests.test_tab_main" name="test_update_hsv_warn_clears_warning_when_supported" time="0.027" /><testcase classname="tests.test_tab_main" name="test_update_hsv_warn_noop_when_no_hsv_warn_attribute" time="0.031" /><testcase classname="tests.test_tab_main" name="test_refresh_gradient_mode_sets_hsv_when_define_present" time="0.028" /><testcase classname="tests.test_tab_main" name="test_refresh_gradient_mode_sets_rgb_when_define_zero" time="0.035" /><testcase classname="tests.test_tab_main" name="test_refresh_gradient_mode_noop_when_file_missing" time="0.032" /><testcase classname="tests.test_tab_main" name="test_refresh_gradient_mode_no_define_leaves_mode_unchanged" time="0.031" /><testcase classname="tests.test_tab_main" name="test_refresh_active_instance_calls_all_refresh_steps" time="0.026" /><testcase classname="tests.test_tab_main" name="test_refresh_geometry_updates_geo_vars_when_geometry_found" time="0.033" /><testcase classname="tests.test_tab_main" name="test_refresh_geometry_noop_without_geo_vars_attribute" time="0.028" /><testcase classname="tests.test_tab_main" name="test_destroy_stops_meta_watch" time="0.027" /><testcase classname="tests.test_tab_main" name="test_wp_next_wraps_around_to_first_region" time="0.028" /><testcase classname="tests.test_tab_main" name="test_wp_prev_wraps_around_to_last_region" time="0.027" /><testcase classname="tests.test_tab_main" name="test_wp_next_calls_save_region" time="0.029" /><testcase classname="tests.test_tab_main" name="test_update_region_indicator_formats_correctly" time="0.025" /><testcase classname="tests.test_tab_main" name="test_save_region_writes_current_region_to_config" time="0.028" /><testcase classname="tests.test_tab_main" name="test_save_settings_writes_config_and_shows_info" time="0.028" /><testcase classname="tests.test_tab_main" name="test_toggle_lock_calls_toggle_and_updates_status" time="0.026" /><testcase classname="tests.test_tab_main" name="test_toggle_glava_calls_glava_toggle" time="0.028" /><testcase classname="tests.test_tab_main" name="test_apply_geometry_rejects_non_integer_values" time="0.028" /><testcase classname="tests.test_tab_main" name="test_apply_geometry_rejects_non_positive_width_or_height" time="0.027" /><testcase classname="tests.test_tab_main" name="test_apply_geometry_writes_and_restarts_on_success" time="0.028" /><testcase classname="tests.test_tab_main" name="test_apply_geometry_no_restart_message_when_write_fails" time="0.027" /><testcase classname="tests.test_tab_main" name="test_auto_geometry_updates_geo_vars_and_writes" time="0.027" /><testcase classname="tests.test_tab_main" name="test_update_geometry_bars_reads_flip_and_mirror_yx" time="0.029" /><testcase classname="tests.test_tab_main" name="test_update_geometry_bars_defaults_when_defines_absent" time="0.027" /><testcase classname="tests.test_tab_main" name="test_update_geometry_bars_missing_glsl_file_uses_defaults" time="0.026" /><testcase classname="tests.test_tab_main" name="test_update_geometry_graph_reads_invert_as_flipped" time="0.027" /><testcase classname="tests.test_tab_main" name="test_update_geometry_centered_module_skips_define_parsing" time="0.028" /><testcase classname="tests.test_tab_main" name="test_update_geometry_swallows_exceptions_silently" time="0.026" /><testcase classname="tests.test_tab_main" name="test_restore_auto_shows_error_when_wallpaper_missing" time="0.029" /><testcase classname="tests.test_tab_main" name="test_restore_auto_shows_error_when_kmeans_returns_none" time="0.027" /><testcase classname="tests.test_tab_main" name="test_restore_auto_single_instance_writes_and_restarts" time="0.026" /><testcase classname="tests.test_tab_main" name="test_restore_auto_removes_flag_files_after_restore" time="0.028" /><testcase classname="tests.test_tab_main" name="test_restore_auto_all_instances_writes_each_and_adopts_missing_processes" time="0.026" /><testcase classname="tests.test_tab_main" name="test_restore_auto_skips_adopt_for_instances_with_running_process" time="0.029" /><testcase classname="tests.test_tab_main" name="test_build_tab_main_creates_tabmain_calls_build_and_sets_ref" time="0.029" /><testcase classname="tests.test_tab_module" name="test_load_module_plugin_imports_real_module" time="0.019" /><testcase classname="tests.test_tab_module" name="test_load_module_plugin_unknown_module_raises_importerror" time="0.021" /><testcase classname="tests.test_tab_module" name="test_build_module_params_falls_back_to_placeholder_on_importerror" time="0.021" /><testcase classname="tests.test_tab_module" name="test_build_module_params_delegates_to_plugin_build_params" time="0.021" /><testcase classname="tests.test_tab_module" name="test_apply_profile_does_nothing_if_name_empty" time="0.021" /><testcase classname="tests.test_tab_module" name="test_apply_profile_does_nothing_if_name_not_in_profiles" time="0.020" /><testcase classname="tests.test_tab_module" name="test_apply_profile_applies_params_and_uses_legacy_restart_without_restart_active_instance" time="0.021" /><testcase classname="tests.test_tab_module" name="test_apply_profile_uses_restart_active_instance_when_available" time="0.020" /><testcase classname="tests.test_tab_module" name="test_apply_profile_swallows_importerror_silently" time="0.021" /><testcase classname="tests.test_tab_module" name="test_save_profile_does_nothing_if_user_cancels_dialog" time="0.022" /><testcase classname="tests.test_tab_module" name="test_save_profile_saves_collected_params_and_refreshes" time="0.020" /><testcase classname="tests.test_tab_module" name="test_save_profile_shows_warning_on_importerror" time="0.020" /><testcase classname="tests.test_tab_module" name="test_delete_profile_does_nothing_if_name_empty" time="0.018" /><testcase classname="tests.test_tab_module" name="test_delete_profile_skips_when_user_declines_confirm" time="0.021" /><testcase classname="tests.test_tab_module" name="test_delete_profile_deletes_and_refreshes_when_confirmed" time="0.021" /><testcase classname="tests.test_tab_module" name="test_refresh_profile_cb_sets_sorted_names" time="0.019" /><testcase classname="tests.test_tab_module" name="test_refresh_profile_cb_empty_profiles_does_not_set_current" time="0.019" /><testcase classname="tests.test_tab_module" name="test_reset_shader_aborts_if_user_declines_confirm" time="0.022" /><testcase classname="tests.test_tab_module" name="test_reset_shader_calls_plugin_reset_shader_when_available" time="0.020" /><testcase classname="tests.test_tab_module" name="test_reset_shader_uses_restart_active_instance_when_available" time="0.019" /><testcase classname="tests.test_tab_module" name="test_reset_shader_fallback_copies_template_when_plugin_lacks_reset_shader" time="0.029" /><testcase classname="tests.test_tab_module" name="test_reset_shader_fallback_skips_copy_if_template_missing" time="0.031" /><testcase classname="tests.test_tab_module" name="test_reset_shader_importerror_falls_back_to_template_copy" time="0.028" /><testcase classname="tests.test_tab_module" name="test_reset_shader_always_rebuilds_tab_and_shows_info" time="0.020" /><testcase classname="tests.test_tab_module" name="test_build_tab_module_creates_tabmodule_and_calls_build" time="0.019" /><testcase classname="tests.test_theme" name="test_available_themes_has_forest_dark_and_light" time="0.019" /><testcase classname="tests.test_theme" name="test_get_theme_names_returns_list_of_available_themes" time="0.018" /><testcase classname="tests.test_theme" name="test_apply_theme_forest_dark_sets_active_theme" time="0.096" /><testcase classname="tests.test_theme" name="test_apply_theme_forest_light_sets_active_theme" time="0.088" /><testcase classname="tests.test_theme" name="test_apply_theme_updates_colors_to_matching_palette" time="0.116" /><testcase classname="tests.test_theme" name="test_apply_theme_activates_ttk_style" time="0.096" /><testcase classname="tests.test_theme" name="test_apply_theme_default_argument_is_forest_dark" time="0.093" /><testcase classname="tests.test_theme" name="test_apply_theme_unknown_name_falls_back_to_forest_dark" time="0.088" /><testcase classname="tests.test_theme" name="test_apply_theme_missing_tcl_file_raises_filenotfound" time="0.049" /><testcase classname="tests.test_theme" name="test_apply_theme_missing_tcl_does_not_change_active_theme" time="0.089" /><testcase classname="tests.test_theme" name="test_ttk_kw_strips_unsupported_options" time="0.019" /><testcase classname="tests.test_theme" name="test_ttk_kw_keeps_supported_options" time="0.021" /><testcase classname="tests.test_theme" name="test_ttk_kw_empty_input_returns_empty_dict" time="0.023" /><testcase classname="tests.test_theme" name="test_btn_style_constants" time="0.018" /><testcase classname="tests.test_theme" name="test_btn_compat_dicts_have_style_key[BTN_APPLY]" time="0.020" /><testcase classname="tests.test_theme" name="test_btn_compat_dicts_have_style_key[BTN_SAVE]" time="0.019" /><testcase classname="tests.test_theme" name="test_btn_compat_dicts_have_style_key[BTN_DELETE]" time="0.020" /><testcase classname="tests.test_theme" name="test_btn_compat_dicts_have_style_key[BTN_RESET]" time="0.022" /><testcase classname="tests.test_theme" name="test_btn_compat_dicts_have_style_key[BTN_TOGGLE]" time="0.021" /><testcase classname="tests.test_theme" name="test_btn_compat_dicts_have_style_key[BTN_FETCH]" time="0.020" /><testcase classname="tests.test_theme" name="test_colors_default_matches_forest_dark_palette" time="0.021" /><testcase classname="tests.test_theme" name="test_palette_has_all_compat_aliases[forest-dark]" time="0.021" /><testcase classname="tests.test_theme" name="test_palette_has_all_compat_aliases[forest-light]" time="0.022" /><testcase classname="tests.test_toggle_race" name="test_single_toggle_on_starts_one_process" time="0.228" /><testcase classname="tests.test_toggle_race" name="test_rapid_on_blocked" time="0.228" /><testcase classname="tests.test_toggle_race" name="test_on_off_no_orphans" time="2.382" /><testcase classname="tests.test_toggle_race" name="test_rapid_on_off_on_no_orphans" time="0.249" /><testcase classname="tests.test_toggle_race" name="test_flag_released_after_on" time="0.235" /><testcase classname="tests.test_toggle_race" name="test_flag_released_after_off" time="0.039" /><testcase classname="tests.test_toggle_race" name="test_second_toggle_allowed_after_first_completes" time="2.588" /><testcase classname="tests.test_wave" name="test_widget_reset_shader_aborts_if_user_declines_confirm" time="0.069" /><testcase classname="tests.test_wave" name="test_widget_reset_shader_calls_module_reset_and_rebuilds" time="0.070" /><testcase classname="tests.test_wave" name="test_widget_reset_shader_falls_back_to_legacy_glava_restart" time="0.071" /><testcase classname="tests.test_wave" name="test_widget_reset_shader_uses_restart_active_instance_when_available" time="0.066" /><testcase classname="tests.test_wave" name="test_on_offset_writes_define_int_and_schedules_restart" time="0.068" /><testcase classname="tests.test_wave" name="test_write_shape_writes_defines_and_schedules_restart" time="0.069" /><testcase classname="tests.test_widgets" name="test_get_returns_initial_value" time="0.054" /><testcase classname="tests.test_widgets" name="test_set_clamps_to_upper_bound" time="0.051" /><testcase classname="tests.test_widgets" name="test_set_clamps_to_lower_bound" time="0.052" /><testcase classname="tests.test_widgets" name="test_set_updates_entry_text" time="0.064" /><testcase classname="tests.test_widgets" name="test_set_range_clamps_current_value_to_new_bounds" time="0.065" /><testcase classname="tests.test_widgets" name="test_set_range_updates_bounds_without_clamping_when_in_range" time="0.054" /><testcase classname="tests.test_widgets" name="test_set_range_clamps_to_new_lower_bound" time="0.051" /><testcase classname="tests.test_widgets" name="test_ensure_shift_style_does_not_raise_when_theme_pngs_missing" time="0.051" /><testcase classname="tests.test_widgets" name="test_ensure_shift_style_sets_guard_flag" time="0.049" /><testcase classname="tests.test_widgets" name="test_ensure_shift_style_skips_second_call_for_same_theme" time="0.050" /><testcase classname="tests.test_widgets" name="test_fmt_integer_rounds_not_truncates" time="0.053" /><testcase classname="tests.test_widgets" name="test_fmt_float_respects_decimals" time="0.052" /><testcase classname="tests.test_widgets" name="test_on_cmd_rounds_to_step" time="0.052" /><testcase classname="tests.test_widgets" name="test_on_cmd_clamps_to_range" time="0.050" /><testcase classname="tests.test_widgets" name="test_on_cmd_no_step_rounding_when_step_zero" time="0.055" /><testcase classname="tests.test_widgets" name="test_on_release_calls_on_change_with_current_value" time="0.053" /><testcase classname="tests.test_widgets" name="test_on_release_without_on_change_does_not_raise" time="0.049" /><testcase classname="tests.test_widgets" name="test_on_entry_valid_value_updates_and_calls_on_change" time="0.061" /><testcase classname="tests.test_widgets" name="test_on_entry_invalid_value_reverts_to_previous" time="0.052" /><testcase classname="tests.test_widgets" name="test_on_entry_clamps_to_range" time="0.070" /></testsuite></testsuites>